android/app/build/intermediates/manifest_merge_blame_file/release/manifest-merger-blame-release-report.txt
1<?xml version="1.0" encoding="utf-8"?>
2<manifest xmlns:android="http://schemas.android.com/apk/res/android"
3    package="com.lavazza_tech"
4    android:versionCode="1"
5    android:versionName="1.0" >
6
7    <uses-sdk
8        android:minSdkVersion="16"
8-->src\main\AndroidManifest.xml
9        android:targetSdkVersion="28" />
9-->src\main\AndroidManifest.xml
10
11    <uses-permission android:name="android.permission.INTERNET" />
11-->src\main\AndroidManifest.xml:4:5-67
11-->src\main\AndroidManifest.xml:4:22-64
12    <uses-permission android:name="android.permission.ACCESS_NETWORK_STATE" />
12-->[:react-native-community_netinfo] AndroidManifest.xml:9:5-79
12-->[:react-native-community_netinfo] AndroidManifest.xml:9:22-76
13    <uses-permission android:name="android.permission.ACCESS_WIFI_STATE" />
13-->[:react-native-community_netinfo] AndroidManifest.xml:10:5-76
13-->[:react-native-community_netinfo] AndroidManifest.xml:10:22-73
14
15    <application
15-->src\main\AndroidManifest.xml:6:5-26:19
16        android:name="com.lavazza_tech.MainApplication"
16-->src\main\AndroidManifest.xml:7:7-38
17        android:allowBackup="false"
17-->src\main\AndroidManifest.xml:11:7-34
18        android:appComponentFactory="androidx.core.app.CoreComponentFactory"
18-->[androidx.core:core:1.5.0-alpha01] AndroidManifest.xml:24:18-86
19        android:icon="@mipmap/ic_launcher"
19-->src\main\AndroidManifest.xml:9:7-41
20        android:label="@string/app_name"
20-->src\main\AndroidManifest.xml:8:7-39
21        android:roundIcon="@mipmap/ic_launcher_round"
21-->src\main\AndroidManifest.xml:10:7-52
22        android:theme="@style/AppTheme"
22-->src\main\AndroidManifest.xml:13:7-38
23        android:usesCleartextTraffic="true" >
23-->src\main\AndroidManifest.xml:12:7-42
24        <activity
24-->src\main\AndroidManifest.xml:14:7-24:18
25            android:name="com.lavazza_tech.MainActivity"
25-->src\main\AndroidManifest.xml:15:9-37
26            android:configChanges="keyboard|keyboardHidden|orientation|screenSize|uiMode"
26-->src\main\AndroidManifest.xml:17:9-86
27            android:label="@string/app_name"
27-->src\main\AndroidManifest.xml:16:9-41
28            android:launchMode="singleTask"
28-->src\main\AndroidManifest.xml:18:9-40
29            android:windowSoftInputMode="adjustResize" >
29-->src\main\AndroidManifest.xml:19:9-51
30            <intent-filter>
30-->src\main\AndroidManifest.xml:20:9-23:25
31                <action android:name="android.intent.action.MAIN" />
31-->src\main\AndroidManifest.xml:21:13-65
31-->src\main\AndroidManifest.xml:21:21-62
32
33                <category android:name="android.intent.category.LAUNCHER" />
33-->src\main\AndroidManifest.xml:22:13-73
33-->src\main\AndroidManifest.xml:22:23-70
34            </intent-filter>
35        </activity>
36        <activity android:name="com.facebook.react.devsupport.DevSettingsActivity" />
36-->src\main\AndroidManifest.xml:25:7-84
36-->src\main\AndroidManifest.xml:25:17-81
37    </application>
38
39</manifest>